<?xml version="1.0" encoding="UTF-8"?>
<!-- Generated by org.testng.reporters.JUnitReportReporter -->
<testsuite hostname="AithGGN1423" failures="0" tests="2" name="Test_Page.Complaint_Modify" time="29.652" errors="0" timestamp="2023-10-27T15:59:46 IST" skipped="0">
  <testcase classname="Test_Page.Complaint_Modify" name="Case_Managements" time="28.272"/>
  <system-out/>
  <testcase classname="Test_Page.Complaint_Modify" name="loginApp" time="1.380"/>
  <system-out/>
</testsuite> <!-- Test_Page.Complaint_Modify -->
